<?xml version="1.0" encoding="UTF-8" ?>
<testsuite tests="1" failures="1" name="scripts._06_RadioButtonTest" time="5.429" errors="0" skipped="0">
  <properties>
[...]
</properties>
  <testcase classname="scripts._06_RadioButtonTest" name="testFacebookGenderRadioButton" time="5.429">
    <failure message="is selected expected [true] but found [false]" type="java.lang.AssertionError">java.lang.AssertionError: is selected expected [true] but found [false]
	at org.testng.Assert.fail(Assert.java:97)
	at org.testng.Assert.failNotEquals(Assert.java:969)
	at org.testng.Assert.assertTrue(Assert.java:43)
	at scripts._06_RadioButtonTest.testFacebookGenderRadioButton(_06_RadioButtonTest.java:26)
</failure>
    <system-out>Configuring TestNG with: org.apache.maven.surefire.testng.conf.TestNG652Configurator@270421f5
</system-out>
    <system-err>SLF4J: Failed to load class &quot;org.slf4j.impl.StaticLoggerBinder&quot;.
SLF4J: Defaulting to no-operation (NOP) logger implementation
SLF4J: See http://www.slf4j.org/codes.html#StaticLoggerBinder for further details.
Starting ChromeDriver 101.0.4951.41 (93c720db8323b3ec10d056025ab95c23a31997c9-refs/branch-heads/4951@{#904}) on port 46911
Only local connections are allowed.
Please see https://chromedriver.chromium.org/security-considerations for suggestions on keeping ChromeDriver safe.
ChromeDriver was started successfully.
May 28, 2022 3:42:52 PM org.openqa.selenium.remote.ProtocolHandshake createSession
INFO: Detected dialect: W3C
</system-err>
  </testcase>
</testsuite>